[debug] [2020-05-11T14:24:25.180Z] ----------------------------------------------------------------------
[debug] [2020-05-11T14:24:25.183Z] Command:       C:\Program Files\nodejs\node.exe C:\Users\MEUTIA KHANANDIYA\AppData\Roaming\npm\node_modules\firebase-tools\lib\bin\firebase.js serve
[debug] [2020-05-11T14:24:25.183Z] CLI Version:   8.2.0
[debug] [2020-05-11T14:24:25.183Z] Platform:      win32
[debug] [2020-05-11T14:24:25.183Z] Node Version:  v10.15.3
[debug] [2020-05-11T14:24:25.184Z] Time:          Mon May 11 2020 21:24:25 GMT+0700 (Western Indonesia Time)
[debug] [2020-05-11T14:24:25.184Z] ----------------------------------------------------------------------
[debug] [2020-05-11T14:24:25.184Z] 
[debug] [2020-05-11T14:24:25.194Z] > command requires scopes: ["email","openid","https://www.googleapis.com/auth/cloudplatformprojects.readonly","https://www.googleapis.com/auth/firebase","https://www.googleapis.com/auth/cloud-platform"]
[debug] [2020-05-11T14:24:25.195Z] > authorizing via signed-in user
[debug] [2020-05-11T14:24:25.195Z] [iam] checking project uasmeutia18 for permissions ["firebase.projects.get"]
[debug] [2020-05-11T14:24:25.199Z] > refreshing access token with scopes: ["email","https://www.googleapis.com/auth/cloud-platform","https://www.googleapis.com/auth/cloudplatformprojects.readonly","https://www.googleapis.com/auth/firebase","openid"]
[debug] [2020-05-11T14:24:25.199Z] >>> HTTP REQUEST POST https://www.googleapis.com/oauth2/v3/token  
 <request body omitted>
[debug] [2020-05-11T14:24:25.784Z] <<< HTTP RESPONSE 200 {"content-type":"application/json; charset=utf-8","vary":"X-Origin, Referer, Origin,Accept-Encoding","date":"Mon, 11 May 2020 14:24:26 GMT","server":"scaffolding on HTTPServer2","cache-control":"private","x-xss-protection":"0","x-frame-options":"SAMEORIGIN","x-content-type-options":"nosniff","alt-svc":"h3-27=\":443\"; ma=2592000,h3-25=\":443\"; ma=2592000,h3-Q050=\":443\"; ma=2592000,h3-Q049=\":443\"; ma=2592000,h3-Q048=\":443\"; ma=2592000,h3-Q046=\":443\"; ma=2592000,h3-Q043=\":443\"; ma=2592000,quic=\":443\"; ma=2592000; v=\"46,43\"","accept-ranges":"none","transfer-encoding":"chunked"}
[debug] [2020-05-11T14:24:25.821Z] >>> HTTP REQUEST POST https://cloudresourcemanager.googleapis.com/v1/projects/uasmeutia18:testIamPermissions  
 {"permissions":["firebase.projects.get"]}
[debug] [2020-05-11T14:24:27.384Z] <<< HTTP RESPONSE 200 {"content-type":"application/json; charset=UTF-8","vary":"X-Origin, Referer, Origin,Accept-Encoding","date":"Mon, 11 May 2020 14:24:27 GMT","server":"ESF","cache-control":"private","x-xss-protection":"0","x-frame-options":"SAMEORIGIN","x-content-type-options":"nosniff","server-timing":"gfet4t7; dur=1007","alt-svc":"h3-27=\":443\"; ma=2592000,h3-25=\":443\"; ma=2592000,h3-Q050=\":443\"; ma=2592000,h3-Q049=\":443\"; ma=2592000,h3-Q048=\":443\"; ma=2592000,h3-Q046=\":443\"; ma=2592000,h3-Q043=\":443\"; ma=2592000,quic=\":443\"; ma=2592000; v=\"46,43\"","accept-ranges":"none","transfer-encoding":"chunked"}
[debug] [2020-05-11T14:24:27.385Z] >>> HTTP REQUEST GET https://firebase.googleapis.com/v1beta1/projects/uasmeutia18  
 
[debug] [2020-05-11T14:24:27.971Z] <<< HTTP RESPONSE 200 {"content-type":"application/json; charset=UTF-8","vary":"X-Origin, Referer, Origin,Accept-Encoding","date":"Mon, 11 May 2020 14:24:28 GMT","server":"ESF","cache-control":"private","x-xss-protection":"0","x-frame-options":"SAMEORIGIN","x-content-type-options":"nosniff","alt-svc":"h3-27=\":443\"; ma=2592000,h3-25=\":443\"; ma=2592000,h3-Q050=\":443\"; ma=2592000,h3-Q049=\":443\"; ma=2592000,h3-Q048=\":443\"; ma=2592000,h3-Q046=\":443\"; ma=2592000,h3-Q043=\":443\"; ma=2592000,quic=\":443\"; ma=2592000; v=\"46,43\"","accept-ranges":"none","transfer-encoding":"chunked"}
[info] 
[info] === Serving from 'F:\SEMESTER 6\Tugas_MeutiaKhanandiya_1741720163_PBF\Tugas_MeutiaKhanandiya_1741720163_PBF\uas_meutia'...
[info] 
[debug] [2020-05-11T14:24:27.977Z] >>> HTTP REQUEST GET https://firebase.googleapis.com/v1beta1/projects/uasmeutia18/webApps/-/config  
 
[debug] [2020-05-11T14:24:29.737Z] <<< HTTP RESPONSE 200 {"content-type":"application/json; charset=UTF-8","vary":"X-Origin, Referer, Origin,Accept-Encoding","date":"Mon, 11 May 2020 14:24:30 GMT","server":"ESF","cache-control":"private","x-xss-protection":"0","x-frame-options":"SAMEORIGIN","x-content-type-options":"nosniff","alt-svc":"h3-27=\":443\"; ma=2592000,h3-25=\":443\"; ma=2592000,h3-Q050=\":443\"; ma=2592000,h3-Q049=\":443\"; ma=2592000,h3-Q048=\":443\"; ma=2592000,h3-Q046=\":443\"; ma=2592000,h3-Q043=\":443\"; ma=2592000,quic=\":443\"; ma=2592000; v=\"46,43\"","accept-ranges":"none","transfer-encoding":"chunked"}
[info] i  hosting: Serving hosting files from: public
[info] +  hosting: Local server: http://localhost:5000
